2023-09-27 13:57:32 INFO  * Restarting with stat
2023-09-27 13:57:35 WARNING  * Debugger is active!
2023-09-27 13:57:35 INFO  * Debugger PIN: 945-635-972
2023-09-27 13:57:35 WARNING  * Running on all addresses.
   WARNING: This is a development server. Do not use it in a production deployment.
2023-09-27 13:57:35 INFO  * Running on http://192.168.234.110:5000/ (Press CTRL+C to quit)
2023-09-27 13:57:45 INFO get_accounts:
dict_keys(['fi_xbtusd', 'cash', 'fi_xrpusd', 'fi_ethusd', 'fi_ltcusd', 'fi_bchusd', 'fv_xbteur', 'fv_etheur', 'flex'])
2023-09-27 13:57:45 INFO currencies: {'EUR': {'quantity': 3669.27676596908, 'value': 3878.058613952721, 'collateral': 3800.4974416736663, 'available': 3669.27676596908}, 'USD': {'quantity': 53.03729437373, 'value': 53.03729437373, 'collateral': 53.03729437373, 'available': 53.03729437373}}
2023-09-27 13:57:45 INFO initialMargin: 0.0
2023-09-27 13:57:45 INFO initialMarginWithOrders: 0.0
2023-09-27 13:57:45 INFO maintenanceMargin: 0.0
2023-09-27 13:57:45 INFO balanceValue: 3931.1
2023-09-27 13:57:45 INFO portfolioValue: 3931.1
2023-09-27 13:57:45 INFO collateralValue: 3853.53
2023-09-27 13:57:45 INFO pnl: 0.0
2023-09-27 13:57:45 INFO unrealizedFunding: 0.0
2023-09-27 13:57:45 INFO totalUnrealized: 0.0
2023-09-27 13:57:45 INFO totalUnrealizedAsMargin: 0.0
2023-09-27 13:57:45 INFO availableMargin: 3853.53
2023-09-27 13:57:45 INFO marginEquity: 3853.53
2023-09-27 13:57:45 INFO type: multiCollateralMarginAccount
2023-09-27 13:57:45 INFO 127.0.0.1 - - [27/Sep/2023 13:57:45] "POST /getData HTTP/1.1" 200 -
2023-09-27 13:57:46 INFO get_tickers:
dict_keys(['result', 'tickers', 'serverTime'])
2023-09-27 13:57:46 INFO getTicker: 
pf_xbtusd:
 {'tag': 'perpetual', 'pair': 'XBT:USD', 'symbol': 'pf_xbtusd', 'markPrice': 26240, 'bid': 26236, 'bidSize': 5, 'ask': 26241, 'askSize': 5.0399, 'vol24h': 225.9785, 'volumeQuote': 5917398.2548, 'openInterest': 918.7473, 'open24h': 26281, 'indexPrice': 26241.14, 'last': 26238, 'lastTime': '2023-09-27T05:46:53.496Z', 'lastSize': 0.015, 'suspended': False, 'fundingRate': -0.017824159045008746, 'fundingRatePrediction': -0.019920830829766114, 'postOnly': False, 'change24h': 0.0}
2023-09-27 13:57:46 INFO tradeStatus pf_xbtusd
2023-09-27 13:57:47 INFO tradeStatus: No Postion Found
2023-09-27 13:57:48 INFO get_tickers:
dict_keys(['result', 'tickers', 'serverTime'])
2023-09-27 13:57:48 INFO getTicker: 
pf_ethusd:
 {'tag': 'perpetual', 'pair': 'ETH:USD', 'symbol': 'pf_ethusd', 'markPrice': 1591.4, 'bid': 1591.4, 'bidSize': 49.224, 'ask': 1591.7, 'askSize': 50, 'vol24h': 1039.857, 'volumeQuote': 1649429.9152, 'openInterest': 2405.686, 'open24h': 1594.5, 'indexPrice': 1591.56, 'last': 1592.4, 'lastTime': '2023-09-27T04:38:54.082Z', 'lastSize': 5, 'suspended': False, 'fundingRate': -0.005299079707708156, 'fundingRatePrediction': -0.005056338053305202, 'postOnly': False, 'change24h': 0.0}
2023-09-27 13:57:48 INFO tradeStatus pf_ethusd
2023-09-27 13:57:49 INFO tradeStatus: No Postion Found
2023-09-27 13:57:49 INFO 127.0.0.1 - - [27/Sep/2023 13:57:49] "POST /getAssets HTTP/1.1" 200 -
2023-09-27 14:00:54 INFO  * Detected change in 'C:\\Users\\jacob\\Documents\\vscode\\exchangeBot\\getAPI.py', reloading
2023-09-27 14:00:54 INFO  * Restarting with stat
2023-09-27 14:00:57 WARNING  * Debugger is active!
2023-09-27 14:00:57 INFO  * Debugger PIN: 945-635-972
2023-09-27 14:00:57 WARNING  * Running on all addresses.
   WARNING: This is a development server. Do not use it in a production deployment.
2023-09-27 14:00:57 INFO  * Running on http://192.168.234.110:5000/ (Press CTRL+C to quit)
2023-09-27 14:01:00 INFO  * Detected change in 'C:\\Users\\jacob\\Documents\\vscode\\exchangeBot\\extrapy\\rPractice.py', reloading
2023-09-27 14:01:00 INFO  * Restarting with stat
2023-09-27 14:01:02 WARNING  * Debugger is active!
2023-09-27 14:01:02 INFO  * Debugger PIN: 945-635-972
2023-09-27 14:01:02 WARNING  * Running on all addresses.
   WARNING: This is a development server. Do not use it in a production deployment.
2023-09-27 14:01:02 INFO  * Running on http://192.168.234.110:5000/ (Press CTRL+C to quit)
2023-09-27 14:01:54 INFO  * Detected change in 'C:\\Users\\jacob\\Documents\\vscode\\exchangeBot\\getAPI.py', reloading
2023-09-27 14:01:54 INFO  * Restarting with stat
2023-09-27 14:01:57 WARNING  * Debugger is active!
2023-09-27 14:01:57 INFO  * Debugger PIN: 945-635-972
2023-09-27 14:01:57 WARNING  * Running on all addresses.
   WARNING: This is a development server. Do not use it in a production deployment.
2023-09-27 14:01:57 INFO  * Running on http://192.168.234.110:5000/ (Press CTRL+C to quit)
2023-09-27 14:02:29 INFO  * Detected change in 'C:\\Users\\jacob\\Documents\\vscode\\exchangeBot\\app.py', reloading
2023-09-27 14:02:29 INFO  * Restarting with stat
